<?xml version="1.0" encoding="UTF-8"?>
<testng-results skipped="1" failed="0" ignored="0" total="1" passed="0">
  <reporter-output>
  </reporter-output>
  <suite name="Suite" duration-ms="109" started-at="2019-08-12T06:44:00Z" finished-at="2019-08-12T06:44:01Z">
    <groups>
    </groups>
    <test name="Test" duration-ms="109" started-at="2019-08-12T06:44:00Z" finished-at="2019-08-12T06:44:01Z">
      <class name="com.nsdc.RegressionTest_PMKVY_STT_Test.PMKVY_STT_Project_And_Batch_Creation_Test">
        <test-method status="FAIL" signature="preSuite()[pri:0, instance:com.nsdc.RegressionTest_PMKVY_STT_Test.PMKVY_STT_Project_And_Batch_Creation_Test@305fd85d]" name="preSuite" is-config="true" duration-ms="15" started-at="2019-08-12T06:44:00Z" finished-at="2019-08-12T06:44:00Z">
          <exception class="java.nio.file.NoSuchFileException">
            <message>
              <![CDATA[.\target\surefire-reports]]>
            </message>
            <full-stacktrace>
              <![CDATA[java.nio.file.NoSuchFileException: .\target\surefire-reports
at sun.nio.fs.WindowsException.translateToIOException(Unknown Source)
at sun.nio.fs.WindowsException.rethrowAsIOException(Unknown Source)
at sun.nio.fs.WindowsException.rethrowAsIOException(Unknown Source)
at sun.nio.fs.WindowsFileAttributeViews$Basic.readAttributes(Unknown Source)
at sun.nio.fs.WindowsFileAttributeViews$Basic.readAttributes(Unknown Source)
at sun.nio.fs.WindowsFileSystemProvider.readAttributes(Unknown Source)
at java.nio.file.Files.readAttributes(Unknown Source)
at java.nio.file.FileTreeWalker.getAttributes(Unknown Source)
at java.nio.file.FileTreeWalker.visit(Unknown Source)
at java.nio.file.FileTreeWalker.walk(Unknown Source)
at java.nio.file.Files.walkFileTree(Unknown Source)
at java.nio.file.Files.walkFileTree(Unknown Source)
at com.nsdc.generic.ZipFolder.zipFolder(ZipFolder.java:22)
at com.nsdc.testConfig.TestConfiguration.preSuite(TestConfiguration.java:40)
at sun.reflect.NativeMethodAccessorImpl.invoke0(Native Method)
at sun.reflect.NativeMethodAccessorImpl.invoke(Unknown Source)
at sun.reflect.DelegatingMethodAccessorImpl.invoke(Unknown Source)
at java.lang.reflect.Method.invoke(Unknown Source)
at org.testng.internal.MethodInvocationHelper.invokeMethod(MethodInvocationHelper.java:124)
at org.testng.internal.MethodInvocationHelper.invokeMethodConsideringTimeout(MethodInvocationHelper.java:59)
at org.testng.internal.Invoker.invokeConfigurationMethod(Invoker.java:458)
at org.testng.internal.Invoker.invokeConfigurations(Invoker.java:222)
at org.testng.internal.Invoker.invokeConfigurations(Invoker.java:142)
at org.testng.SuiteRunner.privateRun(SuiteRunner.java:401)
at org.testng.SuiteRunner.run(SuiteRunner.java:364)
at org.testng.SuiteRunnerWorker.runSuite(SuiteRunnerWorker.java:52)
at org.testng.SuiteRunnerWorker.run(SuiteRunnerWorker.java:84)
at org.testng.TestNG.runSuitesSequentially(TestNG.java:1208)
at org.testng.TestNG.runSuitesLocally(TestNG.java:1137)
at org.testng.TestNG.runSuites(TestNG.java:1049)
at org.testng.TestNG.run(TestNG.java:1017)
at org.apache.maven.surefire.testng.TestNGExecutor.run(TestNGExecutor.java:283)
at org.apache.maven.surefire.testng.TestNGXmlTestSuite.execute(TestNGXmlTestSuite.java:75)
at org.apache.maven.surefire.testng.TestNGProvider.invoke(TestNGProvider.java:120)
at org.apache.maven.surefire.booter.ForkedBooter.invokeProviderInSameClassLoader(ForkedBooter.java:384)
at org.apache.maven.surefire.booter.ForkedBooter.runSuitesInProcess(ForkedBooter.java:345)
at org.apache.maven.surefire.booter.ForkedBooter.execute(ForkedBooter.java:126)
at org.apache.maven.surefire.booter.ForkedBooter.main(ForkedBooter.java:418)
]]>
            </full-stacktrace>
          </exception> <!-- java.nio.file.NoSuchFileException -->
          <reporter-output>
          </reporter-output>
        </test-method> <!-- preSuite -->
        <test-method status="SKIP" signature="precondition()[pri:0, instance:com.nsdc.RegressionTest_PMKVY_STT_Test.PMKVY_STT_Project_And_Batch_Creation_Test@305fd85d]" name="precondition" is-config="true" duration-ms="0" started-at="2019-08-12T06:44:01Z" finished-at="2019-08-12T06:44:01Z">
          <reporter-output>
          </reporter-output>
        </test-method> <!-- precondition -->
        <test-method status="SKIP" signature="Project_And_Batch_Creation(java.lang.String, java.lang.String)[pri:0, instance:com.nsdc.RegressionTest_PMKVY_STT_Test.PMKVY_STT_Project_And_Batch_Creation_Test@305fd85d]" name="Project_And_Batch_Creation" duration-ms="0" started-at="2019-08-12T06:44:01Z" data-provider="projectAndBatchCreation" finished-at="2019-08-12T06:44:01Z">
          <exception class="java.nio.file.NoSuchFileException">
            <message>
              <![CDATA[.\target\surefire-reports]]>
            </message>
            <full-stacktrace>
              <![CDATA[java.nio.file.NoSuchFileException: .\target\surefire-reports
at sun.nio.fs.WindowsException.translateToIOException(Unknown Source)
at sun.nio.fs.WindowsException.rethrowAsIOException(Unknown Source)
at sun.nio.fs.WindowsException.rethrowAsIOException(Unknown Source)
at sun.nio.fs.WindowsFileAttributeViews$Basic.readAttributes(Unknown Source)
at sun.nio.fs.WindowsFileAttributeViews$Basic.readAttributes(Unknown Source)
at sun.nio.fs.WindowsFileSystemProvider.readAttributes(Unknown Source)
at java.nio.file.Files.readAttributes(Unknown Source)
at java.nio.file.FileTreeWalker.getAttributes(Unknown Source)
at java.nio.file.FileTreeWalker.visit(Unknown Source)
at java.nio.file.FileTreeWalker.walk(Unknown Source)
at java.nio.file.Files.walkFileTree(Unknown Source)
at java.nio.file.Files.walkFileTree(Unknown Source)
at com.nsdc.generic.ZipFolder.zipFolder(ZipFolder.java:22)
at com.nsdc.testConfig.TestConfiguration.preSuite(TestConfiguration.java:40)
at sun.reflect.NativeMethodAccessorImpl.invoke0(Native Method)
at sun.reflect.NativeMethodAccessorImpl.invoke(Unknown Source)
at sun.reflect.DelegatingMethodAccessorImpl.invoke(Unknown Source)
at java.lang.reflect.Method.invoke(Unknown Source)
at org.testng.internal.MethodInvocationHelper.invokeMethod(MethodInvocationHelper.java:124)
at org.testng.internal.MethodInvocationHelper.invokeMethodConsideringTimeout(MethodInvocationHelper.java:59)
at org.testng.internal.Invoker.invokeConfigurationMethod(Invoker.java:458)
at org.testng.internal.Invoker.invokeConfigurations(Invoker.java:222)
at org.testng.internal.Invoker.invokeConfigurations(Invoker.java:142)
at org.testng.SuiteRunner.privateRun(SuiteRunner.java:401)
at org.testng.SuiteRunner.run(SuiteRunner.java:364)
at org.testng.SuiteRunnerWorker.runSuite(SuiteRunnerWorker.java:52)
at org.testng.SuiteRunnerWorker.run(SuiteRunnerWorker.java:84)
at org.testng.TestNG.runSuitesSequentially(TestNG.java:1208)
at org.testng.TestNG.runSuitesLocally(TestNG.java:1137)
at org.testng.TestNG.runSuites(TestNG.java:1049)
at org.testng.TestNG.run(TestNG.java:1017)
at org.apache.maven.surefire.testng.TestNGExecutor.run(TestNGExecutor.java:283)
at org.apache.maven.surefire.testng.TestNGXmlTestSuite.execute(TestNGXmlTestSuite.java:75)
at org.apache.maven.surefire.testng.TestNGProvider.invoke(TestNGProvider.java:120)
at org.apache.maven.surefire.booter.ForkedBooter.invokeProviderInSameClassLoader(ForkedBooter.java:384)
at org.apache.maven.surefire.booter.ForkedBooter.runSuitesInProcess(ForkedBooter.java:345)
at org.apache.maven.surefire.booter.ForkedBooter.execute(ForkedBooter.java:126)
at org.apache.maven.surefire.booter.ForkedBooter.main(ForkedBooter.java:418)
]]>
            </full-stacktrace>
          </exception> <!-- java.nio.file.NoSuchFileException -->
          <reporter-output>
          </reporter-output>
        </test-method> <!-- Project_And_Batch_Creation -->
        <test-method status="SKIP" signature="postcondition(org.testng.ITestResult)[pri:0, instance:com.nsdc.RegressionTest_PMKVY_STT_Test.PMKVY_STT_Project_And_Batch_Creation_Test@305fd85d]" name="postcondition" is-config="true" duration-ms="0" started-at="2019-08-12T06:44:01Z" finished-at="2019-08-12T06:44:01Z">
          <reporter-output>
          </reporter-output>
        </test-method> <!-- postcondition -->
      </class> <!-- com.nsdc.RegressionTest_PMKVY_STT_Test.PMKVY_STT_Project_And_Batch_Creation_Test -->
    </test> <!-- Test -->
  </suite> <!-- Suite -->
</testng-results>
