<?xml version="1.0" encoding="UTF-8"?>
<testng-results skipped="0" failed="3" ignored="1" total="10" passed="6">
  <reporter-output>
  </reporter-output>
  <suite name="Suite" duration-ms="181847" started-at="2018-06-13T09:17:23Z" finished-at="2018-06-13T09:20:25Z">
    <groups>
    </groups>
    <test name="Test" duration-ms="181847" started-at="2018-06-13T09:17:23Z" finished-at="2018-06-13T09:20:25Z">
      <class name="com.nsdc.regressionTest.TrainingPartnerProfileSC_02">
        <test-method status="PASS" signature="precondition()[pri:0, instance:com.nsdc.regressionTest.TrainingPartnerProfileSC_02@d44fc21]" name="precondition" is-config="true" duration-ms="9203" started-at="2018-06-13T09:19:49Z" finished-at="2018-06-13T09:19:58Z">
          <reporter-output>
          </reporter-output>
        </test-method> <!-- precondition -->
        <test-method status="FAIL" signature="governmentTpRegistrationTC_01(java.lang.String, java.lang.String, java.lang.String, java.lang.String, java.lang.String, java.lang.String, java.lang.String, java.lang.String, java.lang.String, java.lang.String, java.lang.String, java.lang.String, java.lang.String, java.lang.String, java.lang.String, java.lang.String, java.lang.String, java.lang.String, java.lang.String, java.lang.String, java.lang.String, java.lang.String, java.lang.String, java.lang.String, java.lang.String, java.lang.String, java.lang.String, java.lang.String)[pri:0, instance:com.nsdc.regressionTest.TrainingPartnerProfileSC_02@d44fc21]" name="governmentTpRegistrationTC_01" duration-ms="25247" started-at="2018-06-13T09:19:58Z" data-provider="tpProfileData" finished-at="2018-06-13T09:20:24Z">
          <params>
            <param index="0">
              <value>
                <![CDATA[Training Partner]]>
              </value>
            </param>
            <param index="1">
              <value>
                <![CDATA[TP SPOC Name]]>
              </value>
            </param>
            <param index="2">
              <value>
                <![CDATA[tpspoc38@test.com]]>
              </value>
            </param>
            <param index="3">
              <value>
                <![CDATA[7120041126]]>
              </value>
            </param>
            <param index="4">
              <value>
                <![CDATA[999999]]>
              </value>
            </param>
            <param index="5">
              <value>
                <![CDATA[999999]]>
              </value>
            </param>
            <param index="6">
              <value>
                <![CDATA[ekaushal]]>
              </value>
            </param>
            <param index="7">
              <value>
                <![CDATA[Ekaushal123nsdc@]]>
              </value>
            </param>
            <param index="8">
              <value>
                <![CDATA[Ekaushal123nsdc@]]>
              </value>
            </param>
            <param index="9">
              <value>
                <![CDATA[Training Partner Organisation]]>
              </value>
            </param>
            <param index="10">
              <value>
                <![CDATA[Government]]>
              </value>
            </param>
            <param index="11">
              <value>
                <![CDATA[2018]]>
              </value>
            </param>
            <param index="12">
              <value>
                <![CDATA[/Users/shashankjha/Documents/Repository/NSDC_Web AutomationTest/nsdcregressiontesting/NSDC_Web_Automation/UploadFiles/Image.png]]>
              </value>
            </param>
            <param index="13">
              <value>
                <![CDATA[87898678981]]>
              </value>
            </param>
            <param index="14">
              <value>
                <![CDATA[https://www.nsdcindia.org/]]>
              </value>
            </param>
            <param index="15">
              <value>
                <![CDATA[TP CEO Head]]>
              </value>
            </param>
            <param index="16">
              <value>
                <![CDATA[tpceo@test.com]]>
              </value>
            </param>
            <param index="17">
              <value>
                <![CDATA[8787878456]]>
              </value>
            </param>
            <param index="18">
              <value>
                <![CDATA[#301-306, World Mark 1, West Wing, Aerocity]]>
              </value>
            </param>
            <param index="19">
              <value>
                <![CDATA[Near airport]]>
              </value>
            </param>
            <param index="20">
              <value>
                <![CDATA[110037]]>
              </value>
            </param>
            <param index="21">
              <value>
                <![CDATA[ANDAMAN AND NICOBAR ISLANDS]]>
              </value>
            </param>
            <param index="22">
              <value>
                <![CDATA[NICOBARS]]>
              </value>
            </param>
            <param index="23">
              <value>
                <![CDATA[Car Nicobar]]>
              </value>
            </param>
            <param index="24">
              <value>
                <![CDATA[Andaman and Nicobar Islands, India]]>
              </value>
            </param>
            <param index="25">
              <value>
                <![CDATA[A]]>
              </value>
            </param>
            <param index="26">
              <value>
                <![CDATA[Incorporation Certificate]]>
              </value>
            </param>
            <param index="27">
              <value>
                <![CDATA[/Users/shashankjha/Documents/Repository/NSDC_Web AutomationTest/nsdcregressiontesting/NSDC_Web_Automation/UploadFiles/Image.png]]>
              </value>
            </param>
          </params>
          <exception class="org.openqa.selenium.ElementClickInterceptedException">
            <message>
              <![CDATA[Element <select id="exampleSelect1" class="form-control m-input ng-untouched ng-pristine ng-invalid" name=""> is not clickable at point (1073.8583374023438,339.25) because another element <div class="blockUI blockOverlay"> obscures it
Build info: version: '3.11.0', revision: 'e59cfb3', time: '2018-03-11T20:26:55.152Z'
System info: host: 'Shashanks-MacBook-Pro.local', ip: 'fe80:0:0:0:830:ecb7:c3d2:6d19%en0', os.name: 'Mac OS X', os.arch: 'x86_64', os.version: '10.13.5', java.version: '1.8.0_151'
Driver info: org.openqa.selenium.firefox.FirefoxDriver
Capabilities {acceptInsecureCerts: true, browserName: firefox, browserVersion: 60.0.2, javascriptEnabled: true, moz:accessibilityChecks: false, moz:headless: false, moz:processID: 87108, moz:profile: /var/folders/9t/jp1lycb932s..., moz:useNonSpecCompliantPointerOrigin: false, moz:webdriverClick: true, pageLoadStrategy: normal, platform: MAC, platformName: MAC, platformVersion: 17.6.0, rotatable: false, timeouts: {implicit: 0, pageLoad: 300000, script: 30000}}
Session ID: 1c65ec85-a0e5-e244-9615-32b5359385b8]]>
            </message>
            <full-stacktrace>
              <![CDATA[org.openqa.selenium.ElementClickInterceptedException: Element <select id="exampleSelect1" class="form-control m-input ng-untouched ng-pristine ng-invalid" name=""> is not clickable at point (1073.8583374023438,339.25) because another element <div class="blockUI blockOverlay"> obscures it
Build info: version: '3.11.0', revision: 'e59cfb3', time: '2018-03-11T20:26:55.152Z'
System info: host: 'Shashanks-MacBook-Pro.local', ip: 'fe80:0:0:0:830:ecb7:c3d2:6d19%en0', os.name: 'Mac OS X', os.arch: 'x86_64', os.version: '10.13.5', java.version: '1.8.0_151'
Driver info: org.openqa.selenium.firefox.FirefoxDriver
Capabilities {acceptInsecureCerts: true, browserName: firefox, browserVersion: 60.0.2, javascriptEnabled: true, moz:accessibilityChecks: false, moz:headless: false, moz:processID: 87108, moz:profile: /var/folders/9t/jp1lycb932s..., moz:useNonSpecCompliantPointerOrigin: false, moz:webdriverClick: true, pageLoadStrategy: normal, platform: MAC, platformName: MAC, platformVersion: 17.6.0, rotatable: false, timeouts: {implicit: 0, pageLoad: 300000, script: 30000}}
Session ID: 1c65ec85-a0e5-e244-9615-32b5359385b8
at sun.reflect.NativeConstructorAccessorImpl.newInstance0(Native Method)
at sun.reflect.NativeConstructorAccessorImpl.newInstance(NativeConstructorAccessorImpl.java:62)
at sun.reflect.DelegatingConstructorAccessorImpl.newInstance(DelegatingConstructorAccessorImpl.java:45)
at java.lang.reflect.Constructor.newInstance(Constructor.java:423)
at org.openqa.selenium.remote.http.W3CHttpResponseCodec.createException(W3CHttpResponseCodec.java:187)
at org.openqa.selenium.remote.http.W3CHttpResponseCodec.decode(W3CHttpResponseCodec.java:122)
at org.openqa.selenium.remote.http.W3CHttpResponseCodec.decode(W3CHttpResponseCodec.java:49)
at org.openqa.selenium.remote.HttpCommandExecutor.execute(HttpCommandExecutor.java:158)
at org.openqa.selenium.remote.service.DriverCommandExecutor.execute(DriverCommandExecutor.java:83)
at org.openqa.selenium.remote.RemoteWebDriver.execute(RemoteWebDriver.java:545)
at org.openqa.selenium.remote.RemoteWebElement.execute(RemoteWebElement.java:279)
at org.openqa.selenium.remote.RemoteWebElement.click(RemoteWebElement.java:83)
at org.openqa.selenium.support.ui.Select.setSelected(Select.java:324)
at org.openqa.selenium.support.ui.Select.selectByVisibleText(Select.java:120)
at com.nsdc.generic.SelectDropDownList.selectDropDownListByVisibleText(SelectDropDownList.java:22)
at com.nsdc.pages.TrainingPartnerRegistrationPage.selectTypeOfTheOrganization(TrainingPartnerRegistrationPage.java:84)
at com.nsdc.regressionTest.TrainingPartnerProfileSC_02.governmentTpRegistrationTC_01(TrainingPartnerProfileSC_02.java:60)
at sun.reflect.NativeMethodAccessorImpl.invoke0(Native Method)
at sun.reflect.NativeMethodAccessorImpl.invoke(NativeMethodAccessorImpl.java:62)
at sun.reflect.DelegatingMethodAccessorImpl.invoke(DelegatingMethodAccessorImpl.java:43)
at java.lang.reflect.Method.invoke(Method.java:498)
at org.testng.internal.MethodInvocationHelper.invokeMethod(MethodInvocationHelper.java:124)
at org.testng.internal.Invoker.invokeMethod(Invoker.java:583)
at org.testng.internal.Invoker.invokeTestMethod(Invoker.java:719)
at org.testng.internal.Invoker.invokeTestMethods(Invoker.java:989)
at org.testng.internal.TestMethodWorker.invokeTestMethods(TestMethodWorker.java:125)
at org.testng.internal.TestMethodWorker.run(TestMethodWorker.java:109)
at org.testng.TestRunner.privateRun(TestRunner.java:648)
at org.testng.TestRunner.run(TestRunner.java:505)
at org.testng.SuiteRunner.runTest(SuiteRunner.java:455)
at org.testng.SuiteRunner.runSequentially(SuiteRunner.java:450)
at org.testng.SuiteRunner.privateRun(SuiteRunner.java:415)
at org.testng.SuiteRunner.run(SuiteRunner.java:364)
at org.testng.SuiteRunnerWorker.runSuite(SuiteRunnerWorker.java:52)
at org.testng.SuiteRunnerWorker.run(SuiteRunnerWorker.java:84)
at org.testng.TestNG.runSuitesSequentially(TestNG.java:1208)
at org.testng.TestNG.runSuitesLocally(TestNG.java:1137)
at org.testng.TestNG.runSuites(TestNG.java:1049)
at org.testng.TestNG.run(TestNG.java:1017)
at org.apache.maven.surefire.testng.TestNGExecutor.run(TestNGExecutor.java:283)
at org.apache.maven.surefire.testng.TestNGXmlTestSuite.execute(TestNGXmlTestSuite.java:75)
at org.apache.maven.surefire.testng.TestNGProvider.invoke(TestNGProvider.java:120)
at org.apache.maven.surefire.booter.ForkedBooter.invokeProviderInSameClassLoader(ForkedBooter.java:379)
at org.apache.maven.surefire.booter.ForkedBooter.runSuitesInProcess(ForkedBooter.java:340)
at org.apache.maven.surefire.booter.ForkedBooter.execute(ForkedBooter.java:125)
at org.apache.maven.surefire.booter.ForkedBooter.main(ForkedBooter.java:413)
]]>
            </full-stacktrace>
          </exception> <!-- org.openqa.selenium.ElementClickInterceptedException -->
          <reporter-output>
          </reporter-output>
        </test-method> <!-- governmentTpRegistrationTC_01 -->
        <test-method status="PASS" signature="postcondition(org.testng.ITestResult)[pri:0, instance:com.nsdc.regressionTest.TrainingPartnerProfileSC_02@d44fc21]" name="postcondition" is-config="true" duration-ms="907" started-at="2018-06-13T09:20:24Z" finished-at="2018-06-13T09:20:25Z">
          <params>
            <param index="0">
              <value>
                <![CDATA[[TestResult name=governmentTpRegistrationTC_01 status=FAILURE method=TrainingPartnerProfileSC_02.governmentTpRegistrationTC_01(java.lang.String, java.lang.String, java.lang.String, java.lang.String, java.lang.String, java.lang.String, java.lang.String, java.lang.String, java.lang.String, java.lang.String, java.lang.String, java.lang.String, java.lang.String, java.lang.String, java.lang.String, java.lang.String, java.lang.String, java.lang.String, java.lang.String, java.lang.String, java.lang.String, java.lang.String, java.lang.String, java.lang.String, java.lang.String, java.lang.String, java.lang.String, java.lang.String)[pri:0, instance:com.nsdc.regressionTest.TrainingPartnerProfileSC_02@d44fc21] output={null}]]]>
              </value>
            </param>
          </params>
          <reporter-output>
          </reporter-output>
        </test-method> <!-- postcondition -->
      </class> <!-- com.nsdc.regressionTest.TrainingPartnerProfileSC_02 -->
      <class name="com.nsdc.regressionTest.RegisterAndLoginTestSC_01">
        <test-method status="PASS" signature="preSuite()[pri:0, instance:com.nsdc.regressionTest.RegisterAndLoginTestSC_01@51cdd8a]" name="preSuite" is-config="true" duration-ms="218" started-at="2018-06-13T09:17:23Z" finished-at="2018-06-13T09:17:23Z">
          <reporter-output>
          </reporter-output>
        </test-method> <!-- preSuite -->
        <test-method status="PASS" signature="precondition()[pri:0, instance:com.nsdc.regressionTest.RegisterAndLoginTestSC_01@51cdd8a]" name="precondition" is-config="true" duration-ms="8204" started-at="2018-06-13T09:17:23Z" finished-at="2018-06-13T09:17:31Z">
          <reporter-output>
          </reporter-output>
        </test-method> <!-- precondition -->
        <test-method status="FAIL" signature="LoginFailWithoutEnteringCredentialsTC_04()[pri:0, instance:com.nsdc.regressionTest.RegisterAndLoginTestSC_01@51cdd8a]" name="LoginFailWithoutEnteringCredentialsTC_04" duration-ms="2600" started-at="2018-06-13T09:17:31Z" finished-at="2018-06-13T09:17:34Z">
          <exception class="org.openqa.selenium.ElementClickInterceptedException">
            <message>
              <![CDATA[Element <button id="m_login_signin_submit" class="btn btn-focus m-btn--pill btn-login"> is not clickable at point (350,524.9499969482422) because another element <div class="blockUI blockOverlay"> obscures it
Build info: version: '3.11.0', revision: 'e59cfb3', time: '2018-03-11T20:26:55.152Z'
System info: host: 'Shashanks-MacBook-Pro.local', ip: 'fe80:0:0:0:830:ecb7:c3d2:6d19%en0', os.name: 'Mac OS X', os.arch: 'x86_64', os.version: '10.13.5', java.version: '1.8.0_151'
Driver info: org.openqa.selenium.firefox.FirefoxDriver
Capabilities {acceptInsecureCerts: true, browserName: firefox, browserVersion: 60.0.2, javascriptEnabled: true, moz:accessibilityChecks: false, moz:headless: false, moz:processID: 86939, moz:profile: /var/folders/9t/jp1lycb932s..., moz:useNonSpecCompliantPointerOrigin: false, moz:webdriverClick: true, pageLoadStrategy: normal, platform: MAC, platformName: MAC, platformVersion: 17.6.0, rotatable: false, timeouts: {implicit: 0, pageLoad: 300000, script: 30000}}
Session ID: 6e4676b1-8321-be46-808e-5f99e702689c]]>
            </message>
            <full-stacktrace>
              <![CDATA[org.openqa.selenium.ElementClickInterceptedException: Element <button id="m_login_signin_submit" class="btn btn-focus m-btn--pill btn-login"> is not clickable at point (350,524.9499969482422) because another element <div class="blockUI blockOverlay"> obscures it
Build info: version: '3.11.0', revision: 'e59cfb3', time: '2018-03-11T20:26:55.152Z'
System info: host: 'Shashanks-MacBook-Pro.local', ip: 'fe80:0:0:0:830:ecb7:c3d2:6d19%en0', os.name: 'Mac OS X', os.arch: 'x86_64', os.version: '10.13.5', java.version: '1.8.0_151'
Driver info: org.openqa.selenium.firefox.FirefoxDriver
Capabilities {acceptInsecureCerts: true, browserName: firefox, browserVersion: 60.0.2, javascriptEnabled: true, moz:accessibilityChecks: false, moz:headless: false, moz:processID: 86939, moz:profile: /var/folders/9t/jp1lycb932s..., moz:useNonSpecCompliantPointerOrigin: false, moz:webdriverClick: true, pageLoadStrategy: normal, platform: MAC, platformName: MAC, platformVersion: 17.6.0, rotatable: false, timeouts: {implicit: 0, pageLoad: 300000, script: 30000}}
Session ID: 6e4676b1-8321-be46-808e-5f99e702689c
at sun.reflect.NativeConstructorAccessorImpl.newInstance0(Native Method)
at sun.reflect.NativeConstructorAccessorImpl.newInstance(NativeConstructorAccessorImpl.java:62)
at sun.reflect.DelegatingConstructorAccessorImpl.newInstance(DelegatingConstructorAccessorImpl.java:45)
at java.lang.reflect.Constructor.newInstance(Constructor.java:423)
at org.openqa.selenium.remote.http.W3CHttpResponseCodec.createException(W3CHttpResponseCodec.java:187)
at org.openqa.selenium.remote.http.W3CHttpResponseCodec.decode(W3CHttpResponseCodec.java:122)
at org.openqa.selenium.remote.http.W3CHttpResponseCodec.decode(W3CHttpResponseCodec.java:49)
at org.openqa.selenium.remote.HttpCommandExecutor.execute(HttpCommandExecutor.java:158)
at org.openqa.selenium.remote.service.DriverCommandExecutor.execute(DriverCommandExecutor.java:83)
at org.openqa.selenium.remote.RemoteWebDriver.execute(RemoteWebDriver.java:545)
at org.openqa.selenium.remote.RemoteWebElement.execute(RemoteWebElement.java:279)
at org.openqa.selenium.remote.RemoteWebElement.click(RemoteWebElement.java:83)
at sun.reflect.NativeMethodAccessorImpl.invoke0(Native Method)
at sun.reflect.NativeMethodAccessorImpl.invoke(NativeMethodAccessorImpl.java:62)
at sun.reflect.DelegatingMethodAccessorImpl.invoke(DelegatingMethodAccessorImpl.java:43)
at java.lang.reflect.Method.invoke(Method.java:498)
at org.openqa.selenium.support.pagefactory.internal.LocatingElementHandler.invoke(LocatingElementHandler.java:51)
at com.sun.proxy.$Proxy9.click(Unknown Source)
at com.nsdc.pages.EnterLoginPage.clickLoginToSubmit(EnterLoginPage.java:47)
at com.nsdc.regressionTest.RegisterAndLoginTestSC_01.LoginFailWithoutEnteringCredentialsTC_04(RegisterAndLoginTestSC_01.java:89)
at sun.reflect.NativeMethodAccessorImpl.invoke0(Native Method)
at sun.reflect.NativeMethodAccessorImpl.invoke(NativeMethodAccessorImpl.java:62)
at sun.reflect.DelegatingMethodAccessorImpl.invoke(DelegatingMethodAccessorImpl.java:43)
at java.lang.reflect.Method.invoke(Method.java:498)
at org.testng.internal.MethodInvocationHelper.invokeMethod(MethodInvocationHelper.java:124)
at org.testng.internal.Invoker.invokeMethod(Invoker.java:583)
at org.testng.internal.Invoker.invokeTestMethod(Invoker.java:719)
at org.testng.internal.Invoker.invokeTestMethods(Invoker.java:989)
at org.testng.internal.TestMethodWorker.invokeTestMethods(TestMethodWorker.java:125)
at org.testng.internal.TestMethodWorker.run(TestMethodWorker.java:109)
at org.testng.TestRunner.privateRun(TestRunner.java:648)
at org.testng.TestRunner.run(TestRunner.java:505)
at org.testng.SuiteRunner.runTest(SuiteRunner.java:455)
at org.testng.SuiteRunner.runSequentially(SuiteRunner.java:450)
at org.testng.SuiteRunner.privateRun(SuiteRunner.java:415)
at org.testng.SuiteRunner.run(SuiteRunner.java:364)
at org.testng.SuiteRunnerWorker.runSuite(SuiteRunnerWorker.java:52)
at org.testng.SuiteRunnerWorker.run(SuiteRunnerWorker.java:84)
at org.testng.TestNG.runSuitesSequentially(TestNG.java:1208)
at org.testng.TestNG.runSuitesLocally(TestNG.java:1137)
at org.testng.TestNG.runSuites(TestNG.java:1049)
at org.testng.TestNG.run(TestNG.java:1017)
at org.apache.maven.surefire.testng.TestNGExecutor.run(TestNGExecutor.java:283)
at org.apache.maven.surefire.testng.TestNGXmlTestSuite.execute(TestNGXmlTestSuite.java:75)
at org.apache.maven.surefire.testng.TestNGProvider.invoke(TestNGProvider.java:120)
at org.apache.maven.surefire.booter.ForkedBooter.invokeProviderInSameClassLoader(ForkedBooter.java:379)
at org.apache.maven.surefire.booter.ForkedBooter.runSuitesInProcess(ForkedBooter.java:340)
at org.apache.maven.surefire.booter.ForkedBooter.execute(ForkedBooter.java:125)
at org.apache.maven.surefire.booter.ForkedBooter.main(ForkedBooter.java:413)
]]>
            </full-stacktrace>
          </exception> <!-- org.openqa.selenium.ElementClickInterceptedException -->
          <reporter-output>
          </reporter-output>
        </test-method> <!-- LoginFailWithoutEnteringCredentialsTC_04 -->
        <test-method status="PASS" signature="postcondition(org.testng.ITestResult)[pri:0, instance:com.nsdc.regressionTest.RegisterAndLoginTestSC_01@51cdd8a]" name="postcondition" is-config="true" duration-ms="1245" started-at="2018-06-13T09:17:34Z" finished-at="2018-06-13T09:17:35Z">
          <params>
            <param index="0">
              <value>
                <![CDATA[[TestResult name=LoginFailWithoutEnteringCredentialsTC_04 status=FAILURE method=RegisterAndLoginTestSC_01.LoginFailWithoutEnteringCredentialsTC_04()[pri:0, instance:com.nsdc.regressionTest.RegisterAndLoginTestSC_01@51cdd8a] output={null}]]]>
              </value>
            </param>
          </params>
          <reporter-output>
          </reporter-output>
        </test-method> <!-- postcondition -->
        <test-method status="PASS" signature="precondition()[pri:0, instance:com.nsdc.regressionTest.RegisterAndLoginTestSC_01@51cdd8a]" name="precondition" is-config="true" duration-ms="7384" started-at="2018-06-13T09:17:35Z" finished-at="2018-06-13T09:17:42Z">
          <reporter-output>
          </reporter-output>
        </test-method> <!-- precondition -->
        <test-method status="PASS" signature="userRegistrationTC_01(java.lang.String, java.lang.String, java.lang.String, java.lang.String, java.lang.String, java.lang.String)[pri:0, instance:com.nsdc.regressionTest.RegisterAndLoginTestSC_01@51cdd8a]" name="userRegistrationTC_01" duration-ms="11918" started-at="2018-06-13T09:17:42Z" data-provider="registrationData" finished-at="2018-06-13T09:17:54Z">
          <params>
            <param index="0">
              <value>
                <![CDATA[Training Partner]]>
              </value>
            </param>
            <param index="1">
              <value>
                <![CDATA[TP SPOC Name]]>
              </value>
            </param>
            <param index="2">
              <value>
                <![CDATA[tpspoc623@test.com]]>
              </value>
            </param>
            <param index="3">
              <value>
                <![CDATA[7128000095]]>
              </value>
            </param>
            <param index="4">
              <value>
                <![CDATA[999999]]>
              </value>
            </param>
            <param index="5">
              <value>
                <![CDATA[999999]]>
              </value>
            </param>
          </params>
          <reporter-output>
          </reporter-output>
        </test-method> <!-- userRegistrationTC_01 -->
        <test-method status="PASS" signature="postcondition(org.testng.ITestResult)[pri:0, instance:com.nsdc.regressionTest.RegisterAndLoginTestSC_01@51cdd8a]" name="postcondition" is-config="true" duration-ms="622" started-at="2018-06-13T09:17:54Z" finished-at="2018-06-13T09:17:55Z">
          <params>
            <param index="0">
              <value>
                <![CDATA[[TestResult name=userRegistrationTC_01 status=SUCCESS method=RegisterAndLoginTestSC_01.userRegistrationTC_01(java.lang.String, java.lang.String, java.lang.String, java.lang.String, java.lang.String, java.lang.String)[pri:0, instance:com.nsdc.regressionTest.RegisterAndLoginTestSC_01@51cdd8a] output={null}]]]>
              </value>
            </param>
          </params>
          <reporter-output>
          </reporter-output>
        </test-method> <!-- postcondition -->
        <test-method status="PASS" signature="precondition()[pri:0, instance:com.nsdc.regressionTest.RegisterAndLoginTestSC_01@51cdd8a]" name="precondition" is-config="true" duration-ms="6419" started-at="2018-06-13T09:17:55Z" finished-at="2018-06-13T09:18:02Z">
          <reporter-output>
          </reporter-output>
        </test-method> <!-- precondition -->
        <test-method status="FAIL" signature="verifyLoginFailureTC_03(java.lang.String, java.lang.String)[pri:0, instance:com.nsdc.regressionTest.RegisterAndLoginTestSC_01@51cdd8a]" name="verifyLoginFailureTC_03" duration-ms="7053" started-at="2018-06-13T09:18:02Z" data-provider="loginFailure" finished-at="2018-06-13T09:18:09Z">
          <params>
            <param index="0">
              <value>
                <![CDATA[TP456]]>
              </value>
            </param>
            <param index="1">
              <value>
                <![CDATA[ekaushal1]]>
              </value>
            </param>
          </params>
          <exception class="java.lang.AssertionError">
            <message>
              <![CDATA[expected [username or password invalid] but found [Invalid UserName or Password]]]>
            </message>
            <full-stacktrace>
              <![CDATA[java.lang.AssertionError: expected [username or password invalid] but found [Invalid UserName or Password]
at org.testng.Assert.fail(Assert.java:96)
at org.testng.Assert.failNotEquals(Assert.java:776)
at org.testng.Assert.assertEqualsImpl(Assert.java:137)
at org.testng.Assert.assertEquals(Assert.java:118)
at org.testng.Assert.assertEquals(Assert.java:453)
at org.testng.Assert.assertEquals(Assert.java:463)
at com.nsdc.regressionTest.RegisterAndLoginTestSC_01.verifyLoginFailureTC_03(RegisterAndLoginTestSC_01.java:79)
at sun.reflect.NativeMethodAccessorImpl.invoke0(Native Method)
at sun.reflect.NativeMethodAccessorImpl.invoke(NativeMethodAccessorImpl.java:62)
at sun.reflect.DelegatingMethodAccessorImpl.invoke(DelegatingMethodAccessorImpl.java:43)
at java.lang.reflect.Method.invoke(Method.java:498)
at org.testng.internal.MethodInvocationHelper.invokeMethod(MethodInvocationHelper.java:124)
at org.testng.internal.Invoker.invokeMethod(Invoker.java:583)
at org.testng.internal.Invoker.invokeTestMethod(Invoker.java:719)
at org.testng.internal.Invoker.invokeTestMethods(Invoker.java:989)
at org.testng.internal.TestMethodWorker.invokeTestMethods(TestMethodWorker.java:125)
at org.testng.internal.TestMethodWorker.run(TestMethodWorker.java:109)
at org.testng.TestRunner.privateRun(TestRunner.java:648)
at org.testng.TestRunner.run(TestRunner.java:505)
at org.testng.SuiteRunner.runTest(SuiteRunner.java:455)
at org.testng.SuiteRunner.runSequentially(SuiteRunner.java:450)
at org.testng.SuiteRunner.privateRun(SuiteRunner.java:415)
at org.testng.SuiteRunner.run(SuiteRunner.java:364)
at org.testng.SuiteRunnerWorker.runSuite(SuiteRunnerWorker.java:52)
at org.testng.SuiteRunnerWorker.run(SuiteRunnerWorker.java:84)
at org.testng.TestNG.runSuitesSequentially(TestNG.java:1208)
at org.testng.TestNG.runSuitesLocally(TestNG.java:1137)
at org.testng.TestNG.runSuites(TestNG.java:1049)
at org.testng.TestNG.run(TestNG.java:1017)
at org.apache.maven.surefire.testng.TestNGExecutor.run(TestNGExecutor.java:283)
at org.apache.maven.surefire.testng.TestNGXmlTestSuite.execute(TestNGXmlTestSuite.java:75)
at org.apache.maven.surefire.testng.TestNGProvider.invoke(TestNGProvider.java:120)
at org.apache.maven.surefire.booter.ForkedBooter.invokeProviderInSameClassLoader(ForkedBooter.java:379)
at org.apache.maven.surefire.booter.ForkedBooter.runSuitesInProcess(ForkedBooter.java:340)
at org.apache.maven.surefire.booter.ForkedBooter.execute(ForkedBooter.java:125)
at org.apache.maven.surefire.booter.ForkedBooter.main(ForkedBooter.java:413)
]]>
            </full-stacktrace>
          </exception> <!-- java.lang.AssertionError -->
          <reporter-output>
          </reporter-output>
        </test-method> <!-- verifyLoginFailureTC_03 -->
        <test-method status="PASS" signature="postcondition(org.testng.ITestResult)[pri:0, instance:com.nsdc.regressionTest.RegisterAndLoginTestSC_01@51cdd8a]" name="postcondition" is-config="true" duration-ms="1437" started-at="2018-06-13T09:18:09Z" finished-at="2018-06-13T09:18:10Z">
          <params>
            <param index="0">
              <value>
                <![CDATA[[TestResult name=verifyLoginFailureTC_03 status=FAILURE method=RegisterAndLoginTestSC_01.verifyLoginFailureTC_03(java.lang.String, java.lang.String)[pri:0, instance:com.nsdc.regressionTest.RegisterAndLoginTestSC_01@51cdd8a] output={null}]]]>
              </value>
            </param>
          </params>
          <reporter-output>
          </reporter-output>
        </test-method> <!-- postcondition -->
        <test-method status="PASS" signature="precondition()[pri:0, instance:com.nsdc.regressionTest.RegisterAndLoginTestSC_01@51cdd8a]" name="precondition" is-config="true" duration-ms="7061" started-at="2018-06-13T09:18:10Z" finished-at="2018-06-13T09:18:17Z">
          <reporter-output>
          </reporter-output>
        </test-method> <!-- precondition -->
        <test-method status="PASS" signature="verifyLoginFailureTC_03(java.lang.String, java.lang.String)[pri:0, instance:com.nsdc.regressionTest.RegisterAndLoginTestSC_01@51cdd8a]" name="verifyLoginFailureTC_03" duration-ms="7732" started-at="2018-06-13T09:18:17Z" data-provider="loginFailure" finished-at="2018-06-13T09:18:25Z">
          <params>
            <param index="0">
              <value>
                <![CDATA[Test]]>
              </value>
            </param>
            <param index="1">
              <value>
                <![CDATA[ekaushal]]>
              </value>
            </param>
          </params>
          <reporter-output>
          </reporter-output>
        </test-method> <!-- verifyLoginFailureTC_03 -->
        <test-method status="PASS" signature="postcondition(org.testng.ITestResult)[pri:0, instance:com.nsdc.regressionTest.RegisterAndLoginTestSC_01@51cdd8a]" name="postcondition" is-config="true" duration-ms="943" started-at="2018-06-13T09:18:25Z" finished-at="2018-06-13T09:18:26Z">
          <params>
            <param index="0">
              <value>
                <![CDATA[[TestResult name=verifyLoginFailureTC_03 status=SUCCESS method=RegisterAndLoginTestSC_01.verifyLoginFailureTC_03(java.lang.String, java.lang.String)[pri:0, instance:com.nsdc.regressionTest.RegisterAndLoginTestSC_01@51cdd8a] output={null}]]]>
              </value>
            </param>
          </params>
          <reporter-output>
          </reporter-output>
        </test-method> <!-- postcondition -->
        <test-method status="PASS" signature="precondition()[pri:0, instance:com.nsdc.regressionTest.RegisterAndLoginTestSC_01@51cdd8a]" name="precondition" is-config="true" duration-ms="8849" started-at="2018-06-13T09:18:26Z" finished-at="2018-06-13T09:18:35Z">
          <reporter-output>
          </reporter-output>
        </test-method> <!-- precondition -->
        <test-method status="PASS" signature="verifyLoginFailureTC_03(java.lang.String, java.lang.String)[pri:0, instance:com.nsdc.regressionTest.RegisterAndLoginTestSC_01@51cdd8a]" name="verifyLoginFailureTC_03" duration-ms="7145" started-at="2018-06-13T09:18:35Z" data-provider="loginFailure" finished-at="2018-06-13T09:18:42Z">
          <params>
            <param index="0">
              <value>
                <![CDATA[Test]]>
              </value>
            </param>
            <param index="1">
              <value>
                <![CDATA[ekaushal1]]>
              </value>
            </param>
          </params>
          <reporter-output>
          </reporter-output>
        </test-method> <!-- verifyLoginFailureTC_03 -->
        <test-method status="PASS" signature="postcondition(org.testng.ITestResult)[pri:0, instance:com.nsdc.regressionTest.RegisterAndLoginTestSC_01@51cdd8a]" name="postcondition" is-config="true" duration-ms="772" started-at="2018-06-13T09:18:42Z" finished-at="2018-06-13T09:18:43Z">
          <params>
            <param index="0">
              <value>
                <![CDATA[[TestResult name=verifyLoginFailureTC_03 status=SUCCESS method=RegisterAndLoginTestSC_01.verifyLoginFailureTC_03(java.lang.String, java.lang.String)[pri:0, instance:com.nsdc.regressionTest.RegisterAndLoginTestSC_01@51cdd8a] output={null}]]]>
              </value>
            </param>
          </params>
          <reporter-output>
          </reporter-output>
        </test-method> <!-- postcondition -->
        <test-method status="PASS" signature="precondition()[pri:0, instance:com.nsdc.regressionTest.RegisterAndLoginTestSC_01@51cdd8a]" name="precondition" is-config="true" duration-ms="7974" started-at="2018-06-13T09:18:43Z" finished-at="2018-06-13T09:18:51Z">
          <reporter-output>
          </reporter-output>
        </test-method> <!-- precondition -->
        <test-method status="PASS" signature="verifyLoginSuccessTC_02(java.lang.String, java.lang.String)[pri:0, instance:com.nsdc.regressionTest.RegisterAndLoginTestSC_01@51cdd8a]" name="verifyLoginSuccessTC_02" duration-ms="9671" started-at="2018-06-13T09:18:51Z" data-provider="loginSuccess" finished-at="2018-06-13T09:19:00Z">
          <params>
            <param index="0">
              <value>
                <![CDATA[TP456]]>
              </value>
            </param>
            <param index="1">
              <value>
                <![CDATA[Ekaushal123nsdc@]]>
              </value>
            </param>
          </params>
          <reporter-output>
          </reporter-output>
        </test-method> <!-- verifyLoginSuccessTC_02 -->
        <test-method status="PASS" signature="postcondition(org.testng.ITestResult)[pri:0, instance:com.nsdc.regressionTest.RegisterAndLoginTestSC_01@51cdd8a]" name="postcondition" is-config="true" duration-ms="806" started-at="2018-06-13T09:19:00Z" finished-at="2018-06-13T09:19:01Z">
          <params>
            <param index="0">
              <value>
                <![CDATA[[TestResult name=verifyLoginSuccessTC_02 status=SUCCESS method=RegisterAndLoginTestSC_01.verifyLoginSuccessTC_02(java.lang.String, java.lang.String)[pri:0, instance:com.nsdc.regressionTest.RegisterAndLoginTestSC_01@51cdd8a] output={null}]]]>
              </value>
            </param>
          </params>
          <reporter-output>
          </reporter-output>
        </test-method> <!-- postcondition -->
        <test-method status="PASS" signature="precondition()[pri:0, instance:com.nsdc.regressionTest.RegisterAndLoginTestSC_01@51cdd8a]" name="precondition" is-config="true" duration-ms="36016" started-at="2018-06-13T09:19:01Z" finished-at="2018-06-13T09:19:37Z">
          <reporter-output>
          </reporter-output>
        </test-method> <!-- precondition -->
        <test-method status="PASS" signature="verifyLoginSuccessTC_02(java.lang.String, java.lang.String)[pri:0, instance:com.nsdc.regressionTest.RegisterAndLoginTestSC_01@51cdd8a]" name="verifyLoginSuccessTC_02" duration-ms="11228" started-at="2018-06-13T09:19:37Z" data-provider="loginSuccess" finished-at="2018-06-13T09:19:48Z">
          <params>
            <param index="0">
              <value>
                <![CDATA[TP400]]>
              </value>
            </param>
            <param index="1">
              <value>
                <![CDATA[Ekaushal123nsdc@]]>
              </value>
            </param>
          </params>
          <reporter-output>
          </reporter-output>
        </test-method> <!-- verifyLoginSuccessTC_02 -->
        <test-method status="PASS" signature="postcondition(org.testng.ITestResult)[pri:0, instance:com.nsdc.regressionTest.RegisterAndLoginTestSC_01@51cdd8a]" name="postcondition" is-config="true" duration-ms="683" started-at="2018-06-13T09:19:48Z" finished-at="2018-06-13T09:19:49Z">
          <params>
            <param index="0">
              <value>
                <![CDATA[[TestResult name=verifyLoginSuccessTC_02 status=SUCCESS method=RegisterAndLoginTestSC_01.verifyLoginSuccessTC_02(java.lang.String, java.lang.String)[pri:0, instance:com.nsdc.regressionTest.RegisterAndLoginTestSC_01@51cdd8a] output={null}]]]>
              </value>
            </param>
          </params>
          <reporter-output>
          </reporter-output>
        </test-method> <!-- postcondition -->
      </class> <!-- com.nsdc.regressionTest.RegisterAndLoginTestSC_01 -->
    </test> <!-- Test -->
  </suite> <!-- Suite -->
  <suite name="Suite (0)" duration-ms="27642" started-at="2018-06-13T09:20:25Z" finished-at="2018-06-13T09:20:52Z">
    <groups>
    </groups>
    <test name="Test" duration-ms="27642" started-at="2018-06-13T09:20:25Z" finished-at="2018-06-13T09:20:52Z">
      <class name="com.nsdc.componentTest.UserRegistrationValidationsSC_01">
        <test-method status="PASS" signature="preSuite()[pri:0, instance:com.nsdc.componentTest.UserRegistrationValidationsSC_01@e320068]" name="preSuite" is-config="true" duration-ms="109" started-at="2018-06-13T09:20:25Z" finished-at="2018-06-13T09:20:25Z">
          <reporter-output>
          </reporter-output>
        </test-method> <!-- preSuite -->
        <test-method status="PASS" signature="precondition()[pri:0, instance:com.nsdc.componentTest.UserRegistrationValidationsSC_01@e320068]" name="precondition" is-config="true" duration-ms="8224" started-at="2018-06-13T09:20:25Z" finished-at="2018-06-13T09:20:33Z">
          <reporter-output>
          </reporter-output>
        </test-method> <!-- precondition -->
        <test-method status="PASS" signature="userRegistrationValidationsTC_01(java.lang.String, java.lang.String, java.lang.String, java.lang.String, java.lang.String, java.lang.String, java.lang.String, java.lang.String, java.lang.String, java.lang.String, java.lang.String)[pri:0, instance:com.nsdc.componentTest.UserRegistrationValidationsSC_01@e320068]" name="userRegistrationValidationsTC_01" duration-ms="18531" started-at="2018-06-13T09:20:33Z" data-provider="registrationData" finished-at="2018-06-13T09:20:52Z">
          <params>
            <param index="0">
              <value>
                <![CDATA[Training Partner]]>
              </value>
            </param>
            <param index="1">
              <value>
                <![CDATA[TP SPOC Name]]>
              </value>
            </param>
            <param index="2">
              <value>
                <![CDATA[tpspoc398@test.com]]>
              </value>
            </param>
            <param index="3">
              <value>
                <![CDATA[7990091126]]>
              </value>
            </param>
            <param index="4">
              <value>
                <![CDATA[TP @ # SPOC]]>
              </value>
            </param>
            <param index="5">
              <value>
                <![CDATA[tpspoc.com]]>
              </value>
            </param>
            <param index="6">
              <value>
                <![CDATA[982345679]]>
              </value>
            </param>
            <param index="7">
              <value>
                <![CDATA[999999]]>
              </value>
            </param>
            <param index="8">
              <value>
                <![CDATA[999999]]>
              </value>
            </param>
            <param index="9">
              <value>
                <![CDATA[83483]]>
              </value>
            </param>
            <param index="10">
              <value>
                <![CDATA[84676]]>
              </value>
            </param>
          </params>
          <reporter-output>
          </reporter-output>
        </test-method> <!-- userRegistrationValidationsTC_01 -->
        <test-method status="PASS" signature="postcondition(org.testng.ITestResult)[pri:0, instance:com.nsdc.componentTest.UserRegistrationValidationsSC_01@e320068]" name="postcondition" is-config="true" duration-ms="743" started-at="2018-06-13T09:20:52Z" finished-at="2018-06-13T09:20:52Z">
          <params>
            <param index="0">
              <value>
                <![CDATA[[TestResult name=userRegistrationValidationsTC_01 status=SUCCESS method=UserRegistrationValidationsSC_01.userRegistrationValidationsTC_01(java.lang.String, java.lang.String, java.lang.String, java.lang.String, java.lang.String, java.lang.String, java.lang.String, java.lang.String, java.lang.String, java.lang.String, java.lang.String)[pri:0, instance:com.nsdc.componentTest.UserRegistrationValidationsSC_01@e320068] output={null}]]]>
              </value>
            </param>
          </params>
          <reporter-output>
          </reporter-output>
        </test-method> <!-- postcondition -->
      </class> <!-- com.nsdc.componentTest.UserRegistrationValidationsSC_01 -->
    </test> <!-- Test -->
  </suite> <!-- Suite (0) -->
</testng-results>
