<?xml version="1.0" encoding="UTF-8"?>
<!-- Generated by org.testng.reporters.JUnitReportReporter -->
<testsuite skipped="1" hostname="DESKTOP-AQ7DG88" name="com.nsdc.RegressionTest_PMKVY_STT_Test.PMKVY_STT_Project_And_Batch_Creation_Test" tests="2" failures="0" timestamp="12 Aug 2019 06:31:56 GMT" time="0.018" errors="1">
  <testcase name="preSuite" time="0.018" classname="com.nsdc.RegressionTest_PMKVY_STT_Test.PMKVY_STT_Project_And_Batch_Creation_Test">
    <error type="java.nio.file.NoSuchFileException" message=".\target\surefire-reports">
      <![CDATA[java.nio.file.NoSuchFileException: .\target\surefire-reports
at sun.nio.fs.WindowsException.translateToIOException(Unknown Source)
at sun.nio.fs.WindowsException.rethrowAsIOException(Unknown Source)
at sun.nio.fs.WindowsException.rethrowAsIOException(Unknown Source)
at sun.nio.fs.WindowsFileAttributeViews$Basic.readAttributes(Unknown Source)
at sun.nio.fs.WindowsFileAttributeViews$Basic.readAttributes(Unknown Source)
at sun.nio.fs.WindowsFileSystemProvider.readAttributes(Unknown Source)
at java.nio.file.Files.readAttributes(Unknown Source)
at java.nio.file.FileTreeWalker.getAttributes(Unknown Source)
at java.nio.file.FileTreeWalker.visit(Unknown Source)
at java.nio.file.FileTreeWalker.walk(Unknown Source)
at java.nio.file.Files.walkFileTree(Unknown Source)
at java.nio.file.Files.walkFileTree(Unknown Source)
at com.nsdc.generic.ZipFolder.zipFolder(ZipFolder.java:22)
at com.nsdc.testConfig.TestConfiguration.preSuite(TestConfiguration.java:40)
at sun.reflect.NativeMethodAccessorImpl.invoke0(Native Method)
at sun.reflect.NativeMethodAccessorImpl.invoke(Unknown Source)
at sun.reflect.DelegatingMethodAccessorImpl.invoke(Unknown Source)
at java.lang.reflect.Method.invoke(Unknown Source)
at org.testng.internal.MethodInvocationHelper.invokeMethod(MethodInvocationHelper.java:124)
at org.testng.internal.MethodInvocationHelper.invokeMethodConsideringTimeout(MethodInvocationHelper.java:59)
at org.testng.internal.Invoker.invokeConfigurationMethod(Invoker.java:458)
at org.testng.internal.Invoker.invokeConfigurations(Invoker.java:222)
at org.testng.internal.Invoker.invokeConfigurations(Invoker.java:142)
at org.testng.SuiteRunner.privateRun(SuiteRunner.java:401)
at org.testng.SuiteRunner.run(SuiteRunner.java:364)
at org.testng.SuiteRunnerWorker.runSuite(SuiteRunnerWorker.java:52)
at org.testng.SuiteRunnerWorker.run(SuiteRunnerWorker.java:84)
at org.testng.TestNG.runSuitesSequentially(TestNG.java:1208)
at org.testng.TestNG.runSuitesLocally(TestNG.java:1137)
at org.testng.TestNG.runSuites(TestNG.java:1049)
at org.testng.TestNG.run(TestNG.java:1017)
at org.apache.maven.surefire.testng.TestNGExecutor.run(TestNGExecutor.java:283)
at org.apache.maven.surefire.testng.TestNGXmlTestSuite.execute(TestNGXmlTestSuite.java:75)
at org.apache.maven.surefire.testng.TestNGProvider.invoke(TestNGProvider.java:120)
at org.apache.maven.surefire.booter.ForkedBooter.invokeProviderInSameClassLoader(ForkedBooter.java:384)
at org.apache.maven.surefire.booter.ForkedBooter.runSuitesInProcess(ForkedBooter.java:345)
at org.apache.maven.surefire.booter.ForkedBooter.execute(ForkedBooter.java:126)
at org.apache.maven.surefire.booter.ForkedBooter.main(ForkedBooter.java:418)
]]>
    </error>
  </testcase> <!-- preSuite -->
  <testcase name="Project_And_Batch_Creation" time="0.000" classname="com.nsdc.RegressionTest_PMKVY_STT_Test.PMKVY_STT_Project_And_Batch_Creation_Test">
    <skipped/>
  </testcase> <!-- Project_And_Batch_Creation -->
</testsuite> <!-- com.nsdc.RegressionTest_PMKVY_STT_Test.PMKVY_STT_Project_And_Batch_Creation_Test -->
