<?xml version="1.0" encoding="UTF-8"?>
<!-- Generated by org.testng.reporters.JUnitXMLReporter -->
<testsuite hostname="Shashanks-MacBook-Pro.local" ignored="1" name="Test" tests="8" failures="3" timestamp="13 Jun 2018 09:20:25 GMT" time="181.847" errors="0">
  <testcase name="LoginFailWithoutEnteringCredentialsTC_04" time="2.6" classname="com.nsdc.regressionTest.RegisterAndLoginTestSC_01">
    <failure type="org.openqa.selenium.ElementClickInterceptedException" message="Element &amp;lt;button id=&amp;quot;m_login_signin_submit&amp;quot; class=&amp;quot;btn btn-focus m-btn--pill btn-login&amp;quot;&amp;gt; is not clickable at point (350,524.9499969482422) because another element &amp;lt;div class=&amp;quot;blockUI blockOverlay&amp;quot;&amp;gt; obscures it
Build info: version: &amp;apos;3.11.0&amp;apos;, revision: &amp;apos;e59cfb3&amp;apos;, time: &amp;apos;2018-03-11T20:26:55.152Z&amp;apos;
System info: host: &amp;apos;Shashanks-MacBook-Pro.local&amp;apos;, ip: &amp;apos;fe80:0:0:0:830:ecb7:c3d2:6d19%en0&amp;apos;, os.name: &amp;apos;Mac OS X&amp;apos;, os.arch: &amp;apos;x86_64&amp;apos;, os.version: &amp;apos;10.13.5&amp;apos;, java.version: &amp;apos;1.8.0_151&amp;apos;
Driver info: org.openqa.selenium.firefox.FirefoxDriver
Capabilities {acceptInsecureCerts: true, browserName: firefox, browserVersion: 60.0.2, javascriptEnabled: true, moz:accessibilityChecks: false, moz:headless: false, moz:processID: 86939, moz:profile: /var/folders/9t/jp1lycb932s..., moz:useNonSpecCompliantPointerOrigin: false, moz:webdriverClick: true, pageLoadStrategy: normal, platform: MAC, platformName: MAC, platformVersion: 17.6.0, rotatable: false, timeouts: {implicit: 0, pageLoad: 300000, script: 30000}}
Session ID: 6e4676b1-8321-be46-808e-5f99e702689c">
      <![CDATA[org.openqa.selenium.ElementClickInterceptedException: Element <button id="m_login_signin_submit" class="btn btn-focus m-btn--pill btn-login"> is not clickable at point (350,524.9499969482422) because another element <div class="blockUI blockOverlay"> obscures it
Build info: version: '3.11.0', revision: 'e59cfb3', time: '2018-03-11T20:26:55.152Z'
System info: host: 'Shashanks-MacBook-Pro.local', ip: 'fe80:0:0:0:830:ecb7:c3d2:6d19%en0', os.name: 'Mac OS X', os.arch: 'x86_64', os.version: '10.13.5', java.version: '1.8.0_151'
Driver info: org.openqa.selenium.firefox.FirefoxDriver
Capabilities {acceptInsecureCerts: true, browserName: firefox, browserVersion: 60.0.2, javascriptEnabled: true, moz:accessibilityChecks: false, moz:headless: false, moz:processID: 86939, moz:profile: /var/folders/9t/jp1lycb932s..., moz:useNonSpecCompliantPointerOrigin: false, moz:webdriverClick: true, pageLoadStrategy: normal, platform: MAC, platformName: MAC, platformVersion: 17.6.0, rotatable: false, timeouts: {implicit: 0, pageLoad: 300000, script: 30000}}
Session ID: 6e4676b1-8321-be46-808e-5f99e702689c
at org.openqa.selenium.remote.http.W3CHttpResponseCodec.createException(W3CHttpResponseCodec.java:187)
at org.openqa.selenium.remote.http.W3CHttpResponseCodec.decode(W3CHttpResponseCodec.java:122)
at org.openqa.selenium.remote.http.W3CHttpResponseCodec.decode(W3CHttpResponseCodec.java:49)
at org.openqa.selenium.remote.HttpCommandExecutor.execute(HttpCommandExecutor.java:158)
at org.openqa.selenium.remote.service.DriverCommandExecutor.execute(DriverCommandExecutor.java:83)
at org.openqa.selenium.remote.RemoteWebDriver.execute(RemoteWebDriver.java:545)
at org.openqa.selenium.remote.RemoteWebElement.execute(RemoteWebElement.java:279)
at org.openqa.selenium.remote.RemoteWebElement.click(RemoteWebElement.java:83)
at org.openqa.selenium.support.pagefactory.internal.LocatingElementHandler.invoke(LocatingElementHandler.java:51)
at com.sun.proxy.$Proxy9.click(Unknown Source)
at com.nsdc.pages.EnterLoginPage.clickLoginToSubmit(EnterLoginPage.java:47)
at com.nsdc.regressionTest.RegisterAndLoginTestSC_01.LoginFailWithoutEnteringCredentialsTC_04(RegisterAndLoginTestSC_01.java:89)
... Removed 37 stack frames]]>
    </failure>
  </testcase> <!-- LoginFailWithoutEnteringCredentialsTC_04 -->
  <testcase name="userRegistrationTC_01" time="11.918" classname="com.nsdc.regressionTest.RegisterAndLoginTestSC_01"/>
  <testcase name="verifyLoginFailureTC_03" time="7.053" classname="com.nsdc.regressionTest.RegisterAndLoginTestSC_01">
    <failure type="java.lang.AssertionError" message="expected [username or password invalid] but found [Invalid UserName or Password]">
      <![CDATA[java.lang.AssertionError: expected [username or password invalid] but found [Invalid UserName or Password]
at com.nsdc.regressionTest.RegisterAndLoginTestSC_01.verifyLoginFailureTC_03(RegisterAndLoginTestSC_01.java:79)
... Removed 35 stack frames]]>
    </failure>
  </testcase> <!-- verifyLoginFailureTC_03 -->
  <testcase name="verifyLoginFailureTC_03" time="7.732" classname="com.nsdc.regressionTest.RegisterAndLoginTestSC_01"/>
  <testcase name="verifyLoginFailureTC_03" time="7.145" classname="com.nsdc.regressionTest.RegisterAndLoginTestSC_01"/>
  <testcase name="verifyLoginSuccessTC_02" time="9.671" classname="com.nsdc.regressionTest.RegisterAndLoginTestSC_01"/>
  <testcase name="verifyLoginSuccessTC_02" time="11.228" classname="com.nsdc.regressionTest.RegisterAndLoginTestSC_01"/>
  <testcase name="governmentTpRegistrationTC_01" time="25.247" classname="com.nsdc.regressionTest.TrainingPartnerProfileSC_02">
    <failure type="org.openqa.selenium.ElementClickInterceptedException" message="Element &amp;lt;select id=&amp;quot;exampleSelect1&amp;quot; class=&amp;quot;form-control m-input ng-untouched ng-pristine ng-invalid&amp;quot; name=&amp;quot;&amp;quot;&amp;gt; is not clickable at point (1073.8583374023438,339.25) because another element &amp;lt;div class=&amp;quot;blockUI blockOverlay&amp;quot;&amp;gt; obscures it
Build info: version: &amp;apos;3.11.0&amp;apos;, revision: &amp;apos;e59cfb3&amp;apos;, time: &amp;apos;2018-03-11T20:26:55.152Z&amp;apos;
System info: host: &amp;apos;Shashanks-MacBook-Pro.local&amp;apos;, ip: &amp;apos;fe80:0:0:0:830:ecb7:c3d2:6d19%en0&amp;apos;, os.name: &amp;apos;Mac OS X&amp;apos;, os.arch: &amp;apos;x86_64&amp;apos;, os.version: &amp;apos;10.13.5&amp;apos;, java.version: &amp;apos;1.8.0_151&amp;apos;
Driver info: org.openqa.selenium.firefox.FirefoxDriver
Capabilities {acceptInsecureCerts: true, browserName: firefox, browserVersion: 60.0.2, javascriptEnabled: true, moz:accessibilityChecks: false, moz:headless: false, moz:processID: 87108, moz:profile: /var/folders/9t/jp1lycb932s..., moz:useNonSpecCompliantPointerOrigin: false, moz:webdriverClick: true, pageLoadStrategy: normal, platform: MAC, platformName: MAC, platformVersion: 17.6.0, rotatable: false, timeouts: {implicit: 0, pageLoad: 300000, script: 30000}}
Session ID: 1c65ec85-a0e5-e244-9615-32b5359385b8">
      <![CDATA[org.openqa.selenium.ElementClickInterceptedException: Element <select id="exampleSelect1" class="form-control m-input ng-untouched ng-pristine ng-invalid" name=""> is not clickable at point (1073.8583374023438,339.25) because another element <div class="blockUI blockOverlay"> obscures it
Build info: version: '3.11.0', revision: 'e59cfb3', time: '2018-03-11T20:26:55.152Z'
System info: host: 'Shashanks-MacBook-Pro.local', ip: 'fe80:0:0:0:830:ecb7:c3d2:6d19%en0', os.name: 'Mac OS X', os.arch: 'x86_64', os.version: '10.13.5', java.version: '1.8.0_151'
Driver info: org.openqa.selenium.firefox.FirefoxDriver
Capabilities {acceptInsecureCerts: true, browserName: firefox, browserVersion: 60.0.2, javascriptEnabled: true, moz:accessibilityChecks: false, moz:headless: false, moz:processID: 87108, moz:profile: /var/folders/9t/jp1lycb932s..., moz:useNonSpecCompliantPointerOrigin: false, moz:webdriverClick: true, pageLoadStrategy: normal, platform: MAC, platformName: MAC, platformVersion: 17.6.0, rotatable: false, timeouts: {implicit: 0, pageLoad: 300000, script: 30000}}
Session ID: 1c65ec85-a0e5-e244-9615-32b5359385b8
at org.openqa.selenium.remote.http.W3CHttpResponseCodec.createException(W3CHttpResponseCodec.java:187)
at org.openqa.selenium.remote.http.W3CHttpResponseCodec.decode(W3CHttpResponseCodec.java:122)
at org.openqa.selenium.remote.http.W3CHttpResponseCodec.decode(W3CHttpResponseCodec.java:49)
at org.openqa.selenium.remote.HttpCommandExecutor.execute(HttpCommandExecutor.java:158)
at org.openqa.selenium.remote.service.DriverCommandExecutor.execute(DriverCommandExecutor.java:83)
at org.openqa.selenium.remote.RemoteWebDriver.execute(RemoteWebDriver.java:545)
at org.openqa.selenium.remote.RemoteWebElement.execute(RemoteWebElement.java:279)
at org.openqa.selenium.remote.RemoteWebElement.click(RemoteWebElement.java:83)
at org.openqa.selenium.support.ui.Select.setSelected(Select.java:324)
at org.openqa.selenium.support.ui.Select.selectByVisibleText(Select.java:120)
at com.nsdc.generic.SelectDropDownList.selectDropDownListByVisibleText(SelectDropDownList.java:22)
at com.nsdc.pages.TrainingPartnerRegistrationPage.selectTypeOfTheOrganization(TrainingPartnerRegistrationPage.java:84)
at com.nsdc.regressionTest.TrainingPartnerProfileSC_02.governmentTpRegistrationTC_01(TrainingPartnerProfileSC_02.java:60)
... Removed 33 stack frames]]>
    </failure>
  </testcase> <!-- governmentTpRegistrationTC_01 -->
  <testcase name="@BeforeSuite preSuite" time="0.0" classname="com.nsdc.testConfig.TestConfiguration">
    <ignored/>
  </testcase> <!-- @BeforeSuite preSuite -->
</testsuite> <!-- Test -->
